<?xml version="1.0" encoding="UTF-8"?>
<!-- Generated by org.testng.reporters.JUnitXMLReporter -->
<testsuite ignored="0" hostname="AVE-LAP-301" failures="0" tests="3" name="Default test" time="61.138" errors="0" timestamp="2020-12-23T01:16:01 EET">
  <testcase classname="airbnb_test.TestClass" name="verifyAppliedFilters" time="3.273"/>
  <testcase classname="airbnb_test.TestClass" name="verifyResultsMatchExtraFilters" time="24.159"/>
  <testcase classname="airbnb_test.TestClass" name="verifyPropertyDisplayedOnMap" time="8.075"/>
</testsuite> <!-- Default test -->
