<?xml version="1.0" encoding="UTF-8"?>
<testng-results ignored="3" total="4" passed="1" failed="0" skipped="0">
  <reporter-output>
  </reporter-output>
  <suite started-at="2021-01-18T15:19:13 EET" name="Default suite" finished-at="2021-01-18T15:19:29 EET" duration-ms="15517">
    <groups>
    </groups>
    <test started-at="2021-01-18T15:19:13 EET" name="Default test" finished-at="2021-01-18T15:19:29 EET" duration-ms="15517">
      <class name="airbnb_test.TestClass">
        <test-method is-config="true" signature="setUp()[pri:0, instance:airbnb_test.TestClass@7c0c77c7]" started-at="2021-01-18T15:19:13 EET" name="setUp" finished-at="2021-01-18T15:19:19 EET" duration-ms="6325" status="PASS">
          <reporter-output>
          </reporter-output>
        </test-method> <!-- setUp -->
        <test-method is-config="true" signature="beforeEachTest(java.lang.reflect.Method)[pri:0, instance:airbnb_test.TestClass@7c0c77c7]" started-at="2021-01-18T15:19:19 EET" name="beforeEachTest" finished-at="2021-01-18T15:19:24 EET" duration-ms="4696" status="PASS">
          <params>
            <param index="0">
              <value>
                <![CDATA[public void airbnb_test.TestClass.verifyAppliedFilters()]]>
              </value>
            </param>
          </params>
          <reporter-output>
          </reporter-output>
        </test-method> <!-- beforeEachTest -->
        <test-method signature="verifyAppliedFilters()[pri:0, instance:airbnb_test.TestClass@7c0c77c7]" started-at="2021-01-18T15:19:24 EET" name="verifyAppliedFilters" finished-at="2021-01-18T15:19:27 EET" duration-ms="2815" status="PASS">
          <reporter-output>
          </reporter-output>
        </test-method> <!-- verifyAppliedFilters -->
        <test-method is-config="true" signature="afterEachTest(org.testng.ITestResult)[pri:0, instance:airbnb_test.TestClass@7c0c77c7]" started-at="2021-01-18T15:19:27 EET" name="afterEachTest" finished-at="2021-01-18T15:19:27 EET" duration-ms="16" status="PASS">
          <params>
            <param index="0">
              <value>
                <![CDATA[[TestResult name=verifyAppliedFilters status=SUCCESS method=TestClass.verifyAppliedFilters()[pri:0, instance:airbnb_test.TestClass@7c0c77c7] output={null}]]]>
              </value>
            </param>
          </params>
          <reporter-output>
          </reporter-output>
        </test-method> <!-- afterEachTest -->
        <test-method is-config="true" signature="tearDown()[pri:0, instance:airbnb_test.TestClass@7c0c77c7]" started-at="2021-01-18T15:19:27 EET" name="tearDown" finished-at="2021-01-18T15:19:29 EET" duration-ms="1624" status="PASS">
          <reporter-output>
          </reporter-output>
        </test-method> <!-- tearDown -->
      </class> <!-- airbnb_test.TestClass -->
    </test> <!-- Default test -->
  </suite> <!-- Default suite -->
</testng-results>
