<?xml version="1.0" encoding="UTF-8"?>
<testng-results ignored="2" total="3" passed="1" failed="0" skipped="0">
  <reporter-output>
  </reporter-output>
  <suite started-at="2021-01-13T16:42:48 EET" name="Default suite" finished-at="2021-01-13T16:43:18 EET" duration-ms="29584">
    <groups>
    </groups>
    <test started-at="2021-01-13T16:42:48 EET" name="Default test" finished-at="2021-01-13T16:43:18 EET" duration-ms="29584">
      <class name="airbnb_test.TestClass">
        <test-method is-config="true" signature="setUp()[pri:0, instance:airbnb_test.TestClass@48aaecc3]" started-at="2021-01-13T16:42:48 EET" name="setUp" finished-at="2021-01-13T16:42:54 EET" duration-ms="6121" status="PASS">
          <reporter-output>
          </reporter-output>
        </test-method> <!-- setUp -->
        <test-method is-config="true" signature="beforeEachTest(java.lang.reflect.Method)[pri:0, instance:airbnb_test.TestClass@48aaecc3]" started-at="2021-01-13T16:42:54 EET" name="beforeEachTest" finished-at="2021-01-13T16:43:02 EET" duration-ms="7210" status="PASS">
          <params>
            <param index="0">
              <value>
                <![CDATA[public void airbnb_test.TestClass.verifyResultsMatchExtraFilters() throws java.lang.InterruptedException]]>
              </value>
            </param>
          </params>
          <reporter-output>
          </reporter-output>
        </test-method> <!-- beforeEachTest -->
        <test-method signature="verifyResultsMatchExtraFilters()[pri:1, instance:airbnb_test.TestClass@48aaecc3]" started-at="2021-01-13T16:43:02 EET" name="verifyResultsMatchExtraFilters" finished-at="2021-01-13T16:43:16 EET" duration-ms="14714" status="PASS">
          <reporter-output>
          </reporter-output>
        </test-method> <!-- verifyResultsMatchExtraFilters -->
        <test-method is-config="true" signature="afterEachTest(org.testng.ITestResult)[pri:0, instance:airbnb_test.TestClass@48aaecc3]" started-at="2021-01-13T16:43:16 EET" name="afterEachTest" finished-at="2021-01-13T16:43:16 EET" duration-ms="86" status="PASS">
          <params>
            <param index="0">
              <value>
                <![CDATA[[TestResult name=verifyResultsMatchExtraFilters status=SUCCESS method=TestClass.verifyResultsMatchExtraFilters()[pri:1, instance:airbnb_test.TestClass@48aaecc3] output={null}]]]>
              </value>
            </param>
          </params>
          <reporter-output>
          </reporter-output>
        </test-method> <!-- afterEachTest -->
        <test-method is-config="true" signature="tearDown()[pri:0, instance:airbnb_test.TestClass@48aaecc3]" started-at="2021-01-13T16:43:16 EET" name="tearDown" finished-at="2021-01-13T16:43:18 EET" duration-ms="1426" status="PASS">
          <reporter-output>
          </reporter-output>
        </test-method> <!-- tearDown -->
      </class> <!-- airbnb_test.TestClass -->
    </test> <!-- Default test -->
  </suite> <!-- Default suite -->
</testng-results>
